<?xml version="1.0" encoding="utf-8"?><testsuites name="pytest tests"><testsuite name="pytest" errors="0" failures="0" skipped="0" tests="8" time="7.304" timestamp="2026-07-31T22:21:52.080034+00:00" hostname="agent-env-64080f6b-f671-4d8d-bad3-41952bb8d75e"><testcase classname="tests.test_audit" name="test_audit_meta" time="0.502" /><testcase classname="tests.test_audit" name="test_office_create_update_delete_and_bulk_delete" time="0.423" /><testcase classname="tests.test_audit" name="test_role_crud_audit" time="0.334" /><testcase classname="tests.test_audit" name="test_level_crud_audit" time="0.224" /><testcase classname="tests.test_audit" name="test_user_crud_and_password_redaction" time="2.650" /><testcase classname="tests.test_audit" name="test_reassign_office_creates_reassign_audit" time="0.649" /><testcase classname="tests.test_audit" name="test_offices_import_audit" time="0.098" /><testcase classname="tests.test_audit" name="test_audit_filters_and_pagination" time="0.477" /></testsuite></testsuites>