<?xml version="1.0" encoding="utf-8"?><testsuites name="pytest tests"><testsuite name="pytest" errors="0" failures="0" skipped="0" tests="15" time="2.598" timestamp="2026-08-01T01:17:50.503935+00:00" hostname="agent-env-64080f6b-f671-4d8d-bad3-41952bb8d75e"><testcase classname="tests.test_audit_sort" name="test_sort_by_valid_fields[asc-created_at]" time="1.012" /><testcase classname="tests.test_audit_sort" name="test_sort_by_valid_fields[asc-actor]" time="0.029" /><testcase classname="tests.test_audit_sort" name="test_sort_by_valid_fields[asc-action]" time="0.028" /><testcase classname="tests.test_audit_sort" name="test_sort_by_valid_fields[asc-entity_type]" time="0.036" /><testcase classname="tests.test_audit_sort" name="test_sort_by_valid_fields[asc-summary]" time="0.030" /><testcase classname="tests.test_audit_sort" name="test_sort_by_valid_fields[desc-created_at]" time="0.031" /><testcase classname="tests.test_audit_sort" name="test_sort_by_valid_fields[desc-actor]" time="0.040" /><testcase classname="tests.test_audit_sort" name="test_sort_by_valid_fields[desc-action]" time="0.028" /><testcase classname="tests.test_audit_sort" name="test_sort_by_valid_fields[desc-entity_type]" time="0.031" /><testcase classname="tests.test_audit_sort" name="test_sort_by_valid_fields[desc-summary]" time="0.031" /><testcase classname="tests.test_audit_sort" name="test_invalid_sort_by_falls_back_to_created_at" time="0.027" /><testcase classname="tests.test_audit_sort" name="test_x_total_count_unchanged_across_sort" time="0.170" /><testcase classname="tests.test_audit_sort" name="test_sort_is_global_not_per_page" time="0.104" /><testcase classname="tests.test_audit_sort" name="test_sort_combined_with_filter" time="0.030" /><testcase classname="tests.test_audit_sort" name="test_sort_combined_with_q_and_date_filter" time="0.103" /></testsuite></testsuites>