<?xml version="1.0" encoding="utf-8"?><testsuites name="pytest tests"><testsuite name="pytest" errors="0" failures="0" skipped="0" tests="15" time="18.957" timestamp="2026-08-02T00:07:48.384480+00:00" hostname="agent-env-64080f6b-f671-4d8d-bad3-41952bb8d75e"><testcase classname="tests.test_backup_settings_audit_export.TestBackupCreateListDelete" name="test_backup_response_has_s3_key" time="4.911" /><testcase classname="tests.test_backup_settings_audit_export.TestBackupSettings" name="test_get_settings_defaults_and_secret_blanked" time="0.778" /><testcase classname="tests.test_backup_settings_audit_export.TestBackupSettings" name="test_put_settings_updates_retention_and_schedule" time="0.569" /><testcase classname="tests.test_backup_settings_audit_export.TestBackupSettings" name="test_put_settings_invalid_interval_400" time="0.067" /><testcase classname="tests.test_backup_settings_audit_export.TestBackupSettings" name="test_put_settings_empty_secret_keeps_stored" time="0.253" /><testcase classname="tests.test_backup_settings_audit_export.TestAuditExport" name="test_export_csv" time="2.636" /><testcase classname="tests.test_backup_settings_audit_export.TestAuditExport" name="test_export_xlsx" time="0.719" /><testcase classname="tests.test_backup_settings_audit_export.TestBackupCreateListDelete" name="test_list_includes_s3_key_field" time="0.034" /><testcase classname="tests.test_backup_settings_audit_export.TestBackupCreateListDelete" name="test_retention_enforced_after_backup" time="6.461" /><testcase classname="tests.test_backup_settings_audit_export.TestAuditExport" name="test_export_honors_filters" time="0.078" /><testcase classname="tests.test_backup_settings_audit_export.TestAuditPurge" name="test_purge_requires_bounds" time="0.074" /><testcase classname="tests.test_backup_settings_audit_export.TestAuditPurge" name="test_purge_with_bounds_records_audit" time="0.418" /><testcase classname="tests.test_backup_settings_audit_export.TestS3Test" name="test_s3_test_no_credentials_returns_ok_false" time="0.127" /><testcase classname="tests.test_backup_settings_audit_export.TestBackupCreateListDelete" name="test_delete_backup_success_and_404" time="3.483" /><testcase classname="tests.test_backup_settings_audit_export.TestBackupCreateListDelete" name="test_backup_audit_entry_exists" time="3.310" /></testsuite></testsuites>