<?xml version="1.0" encoding="utf-8"?><testsuites name="pytest tests"><testsuite name="pytest" errors="0" failures="0" skipped="0" tests="12" time="1.843" timestamp="2026-08-01T00:33:25.481126+00:00" hostname="agent-env-64080f6b-f671-4d8d-bad3-41952bb8d75e"><testcase classname="tests.test_branding.TestBrandingSettings" name="test_get_defaults_no_theme_color" time="0.152" /><testcase classname="tests.test_branding.TestBrandingAssets" name="test_upload_unknown_kind_404" time="0.202" /><testcase classname="tests.test_branding.TestBrandingSettings" name="test_put_merges_fields" time="0.034" /><testcase classname="tests.test_branding.TestBrandingSettings" name="test_put_persists_via_get" time="0.068" /><testcase classname="tests.test_branding.TestBrandingAssets" name="test_upload_non_image_400" time="0.030" /><testcase classname="tests.test_branding.TestBrandingAssets" name="test_upload_logo_light" time="0.037" /><testcase classname="tests.test_branding.TestBrandingSettings" name="test_put_partial_does_not_wipe_others" time="0.072" /><testcase classname="tests.test_branding.TestBrandingAssets" name="test_serve_uploaded_image" time="0.034" /><testcase classname="tests.test_branding.TestBrandingAssets" name="test_upload_favicon_and_og" time="0.186" /><testcase classname="tests.test_branding.TestBrandingAudit" name="test_audit_entries_created" time="0.356" /><testcase classname="tests.test_branding.TestBrandingAssets" name="test_delete_asset_resets_to_null" time="0.071" /><testcase classname="tests.test_branding.TestBrandingAssets" name="test_delete_unknown_kind_404" time="0.379" /></testsuite></testsuites>