<?xml version="1.0" encoding="utf-8"?><testsuites name="pytest tests"><testsuite name="pytest" errors="0" failures="1" skipped="0" tests="10" time="2.534" timestamp="2026-07-31T23:58:14.849757+00:00" hostname="agent-env-64080f6b-f671-4d8d-bad3-41952bb8d75e"><testcase classname="tests.test_broadcast.TestBroadcastSave" name="test_put_telegram_saves_and_hides_secret" time="0.188" /><testcase classname="tests.test_broadcast.TestBroadcastTest" name="test_test_telegram_bad_token" time="0.918" /><testcase classname="tests.test_broadcast.TestBroadcastSave" name="test_put_missing_required_not_configured" time="0.160" /><testcase classname="tests.test_broadcast.TestBroadcastSave" name="test_secret_merge_keeps_previous" time="0.073" /><testcase classname="tests.test_broadcast.TestBroadcastSave" name="test_unknown_channel_404" time="0.025" /><testcase classname="tests.test_broadcast.TestBroadcastList" name="test_list_returns_five_channels" time="0.030" /><testcase classname="tests.test_broadcast.TestBroadcastList" name="test_secrets_blank_in_list" time="0.030" /><testcase classname="tests.test_broadcast.TestBroadcastAudit" name="test_audit_entries_and_redaction" time="0.253"><failure message="AttributeError: 'list' object has no attribute 'get'">backend/tests/test_broadcast.py:150: in test_audit_entries_and_redaction
    items = payload.get("items", payload if isinstance(payload, list) else [])
            ^^^^^^^^^^^
E   AttributeError: 'list' object has no attribute 'get'</failure></testcase><testcase classname="tests.test_broadcast.TestBroadcastTest" name="test_test_email_unreachable_host" time="0.242" /><testcase classname="tests.test_broadcast.TestBroadcastTest" name="test_test_missing_required_returns_400" time="0.101" /></testsuite></testsuites>