<?xml version="1.0" encoding="utf-8"?><testsuites name="pytest tests"><testsuite name="pytest" errors="0" failures="0" skipped="0" tests="10" time="4.127" timestamp="2026-07-31T23:31:58.881373+00:00" hostname="agent-env-64080f6b-f671-4d8d-bad3-41952bb8d75e"><testcase classname="tests.test_database_backup.TestDatabaseBackupRestore" name="test_01_baseline_seed" time="0.595" /><testcase classname="tests.test_database_backup.TestDatabaseBackupRestore" name="test_02_create_backup_returns_metadata" time="0.260" /><testcase classname="tests.test_database_backup.TestDatabaseBackupRestore" name="test_03_list_shows_newest_first" time="0.151" /><testcase classname="tests.test_database_backup.TestDatabaseBackupRestore" name="test_04_download_returns_json_attachment" time="0.080" /><testcase classname="tests.test_database_backup.TestDatabaseBackupRestore" name="test_05_verify_server_dry_run" time="0.099" /><testcase classname="tests.test_database_backup.TestDatabaseBackupRestore" name="test_06_verify_upload_dry_run" time="0.139" /><testcase classname="tests.test_database_backup.TestDatabaseBackupRestore" name="test_07_invalid_upload_rejected" time="0.138" /><testcase classname="tests.test_database_backup.TestDatabaseBackupRestore" name="test_08_update_keeps_new_record" time="0.358" /><testcase classname="tests.test_database_backup.TestDatabaseBackupRestore" name="test_09_replace_wipes_post_backup_and_keeps_seed" time="0.364" /><testcase classname="tests.test_database_backup.TestDatabaseBackupRestore" name="test_10_backup_and_restore_audit_entries_exist" time="0.653" /></testsuite></testsuites>