<?xml version="1.0" encoding="utf-8"?><testsuites name="pytest tests"><testsuite name="pytest" errors="0" failures="0" skipped="0" tests="14" time="2.428" timestamp="2026-07-31T01:50:34.381467+00:00" hostname="agent-env-ffd483f7-1ddf-4d40-9af2-b8bcc0f4d155"><testcase classname="tests.test_levels.TestLevelsCRUD" name="test_create_level" time="0.157" /><testcase classname="tests.test_levels.TestLevelsCRUD" name="test_create_second_level" time="0.316" /><testcase classname="tests.test_levels.TestLevelsCRUD" name="test_duplicate_level_409" time="0.123" /><testcase classname="tests.test_levels.TestLevelsCRUD" name="test_list_sorted_by_order" time="0.090" /><testcase classname="tests.test_levels.TestLevelsCRUD" name="test_update_level" time="0.100" /><testcase classname="tests.test_levels.TestLevelsCRUD" name="test_update_level_duplicate_409" time="0.118" /><testcase classname="tests.test_levels.TestRoleNewFields" name="test_create_role_with_level_and_order" time="0.107" /><testcase classname="tests.test_levels.TestRoleNewFields" name="test_invalid_level_400" time="0.105" /><testcase classname="tests.test_levels.TestRoleNewFields" name="test_create_role_with_dotted" time="0.109" /><testcase classname="tests.test_levels.TestRoleNewFields" name="test_dotted_self_400" time="0.105" /><testcase classname="tests.test_levels.TestRoleNewFields" name="test_dotted_nonexistent_400" time="0.104" /><testcase classname="tests.test_levels.TestRoleNewFields" name="test_update_role_fields" time="0.221" /><testcase classname="tests.test_levels.TestRoleNewFields" name="test_delete_role_clears_dotted_references" time="0.197" /><testcase classname="tests.test_levels.TestRoleNewFields" name="test_delete_level_detaches_roles" time="0.402" /></testsuite></testsuites>