<?xml version="1.0" encoding="utf-8"?><testsuites name="pytest tests"><testsuite name="pytest" errors="0" failures="0" skipped="0" tests="18" time="2.278" timestamp="2026-07-30T00:14:54.880799+00:00" hostname="agent-env-ffd483f7-1ddf-4d40-9af2-b8bcc0f4d155"><testcase classname="tests.test_offices" name="test_create_office_defaults_radius" time="0.319" /><testcase classname="tests.test_offices" name="test_list_offices_contains_created" time="0.068" /><testcase classname="tests.test_offices" name="test_get_office_by_id" time="0.032" /><testcase classname="tests.test_offices" name="test_get_office_404" time="0.026" /><testcase classname="tests.test_offices" name="test_unique_code_conflict" time="0.029" /><testcase classname="tests.test_offices" name="test_unique_name_conflict" time="0.030" /><testcase classname="tests.test_offices" name="test_missing_code_422" time="0.025" /><testcase classname="tests.test_offices" name="test_missing_name_422" time="0.025" /><testcase classname="tests.test_offices" name="test_latitude_out_of_range" time="0.023" /><testcase classname="tests.test_offices" name="test_longitude_out_of_range" time="0.025" /><testcase classname="tests.test_offices" name="test_radius_negative" time="0.066" /><testcase classname="tests.test_offices" name="test_update_office_partial" time="0.095" /><testcase classname="tests.test_offices" name="test_update_same_code_name_ok" time="0.073" /><testcase classname="tests.test_offices" name="test_update_conflict_with_other" time="0.096" /><testcase classname="tests.test_offices" name="test_update_404" time="0.026" /><testcase classname="tests.test_offices" name="test_delete_office" time="0.163" /><testcase classname="tests.test_offices" name="test_delete_404" time="0.069" /><testcase classname="tests.test_offices" name="test_bulk_delete" time="0.239" /></testsuite></testsuites>