<?xml version="1.0" encoding="utf-8"?><testsuites name="pytest tests"><testsuite name="pytest" errors="0" failures="0" skipped="0" tests="19" time="3.189" timestamp="2026-07-30T23:18:14.015045+00:00" hostname="agent-env-ffd483f7-1ddf-4d40-9af2-b8bcc0f4d155"><testcase classname="tests.test_offices" name="test_create_office_defaults_radius" time="0.567" /><testcase classname="tests.test_offices" name="test_list_offices_contains_created" time="0.273" /><testcase classname="tests.test_offices" name="test_get_office_by_id" time="0.081" /><testcase classname="tests.test_offices" name="test_get_office_404" time="0.036" /><testcase classname="tests.test_offices" name="test_unique_code_conflict" time="0.038" /><testcase classname="tests.test_offices" name="test_unique_name_conflict" time="0.036" /><testcase classname="tests.test_offices" name="test_missing_code_422" time="0.073" /><testcase classname="tests.test_offices" name="test_missing_name_422" time="0.033" /><testcase classname="tests.test_offices" name="test_latitude_out_of_range" time="0.031" /><testcase classname="tests.test_offices" name="test_longitude_out_of_range" time="0.083" /><testcase classname="tests.test_offices" name="test_radius_negative" time="0.033" /><testcase classname="tests.test_offices" name="test_update_office_partial" time="0.073" /><testcase classname="tests.test_offices" name="test_update_same_code_name_ok" time="0.082" /><testcase classname="tests.test_offices" name="test_update_conflict_with_other" time="0.114" /><testcase classname="tests.test_offices" name="test_update_404" time="0.034" /><testcase classname="tests.test_offices" name="test_update_clear_optional_field_with_null" time="0.145" /><testcase classname="tests.test_offices" name="test_delete_office" time="0.182" /><testcase classname="tests.test_offices" name="test_delete_404" time="0.071" /><testcase classname="tests.test_offices" name="test_bulk_delete" time="0.283" /></testsuite></testsuites>