<?xml version="1.0" encoding="utf-8"?><testsuites name="pytest tests"><testsuite name="pytest" errors="0" failures="0" skipped="0" tests="12" time="10.700" timestamp="2026-08-01T13:55:56.481935+00:00" hostname="agent-env-64080f6b-f671-4d8d-bad3-41952bb8d75e"><testcase classname="tests.test_password_reset_and_email_templates.TestForgotPassword" name="test_forgot_password_unknown_email_generic_200" time="1.032" /><testcase classname="tests.test_password_reset_and_email_templates.TestEmailTemplates" name="test_list_requires_auth" time="1.177" /><testcase classname="tests.test_password_reset_and_email_templates.TestForgotPassword" name="test_forgot_password_known_admin_email_generic_200" time="3.478" /><testcase classname="tests.test_password_reset_and_email_templates.TestEmailTemplates" name="test_list_as_admin_contains_password_reset" time="0.204" /><testcase classname="tests.test_password_reset_and_email_templates.TestEmailTemplates" name="test_get_password_reset_template" time="0.161" /><testcase classname="tests.test_password_reset_and_email_templates.TestEmailTemplates" name="test_update_password_reset_template_persists" time="0.437" /><testcase classname="tests.test_password_reset_and_email_templates.TestEmailTemplates" name="test_preview_renders_variables" time="0.158" /><testcase classname="tests.test_password_reset_and_email_templates.TestEmailTemplates" name="test_send_test_smtp_behaves_gracefully" time="3.100" /><testcase classname="tests.test_password_reset_and_email_templates.TestPublicSeo" name="test_robots_txt_200" time="0.158" /><testcase classname="tests.test_password_reset_and_email_templates.TestPublicSeo" name="test_sitemap_xml_200" time="0.202" /><testcase classname="tests.test_password_reset_and_email_templates.TestResetPasswordInvalid" name="test_reset_password_invalid_token_400" time="0.182" /><testcase classname="tests.test_password_reset_and_email_templates.TestResetHappyPath" name="test_full_reset_flow" time="3.061" /></testsuite></testsuites>