<?xml version="1.0" encoding="utf-8"?><testsuites name="pytest tests"><testsuite name="pytest" errors="0" failures="0" skipped="0" tests="12" time="3.234" timestamp="2026-07-30T23:54:23.822285+00:00" hostname="agent-env-ffd483f7-1ddf-4d40-9af2-b8bcc0f4d155"><testcase classname="tests.test_roles.TestOfficesRegression" name="test_list_offices" time="0.585" /><testcase classname="tests.test_roles.TestRolesCRUD" name="test_create_top_level" time="0.588" /><testcase classname="tests.test_roles.TestRolesCRUD" name="test_duplicate_name_returns_409" time="0.100" /><testcase classname="tests.test_roles.TestOfficesRegression" name="test_office_crud" time="0.363" /><testcase classname="tests.test_roles.TestRolesCRUD" name="test_create_with_nonexistent_parent_400" time="0.103" /><testcase classname="tests.test_roles.TestRolesCRUD" name="test_build_chain_and_list" time="0.343" /><testcase classname="tests.test_roles.TestRolesCRUD" name="test_cycle_self_parent" time="0.076" /><testcase classname="tests.test_roles.TestRolesCRUD" name="test_cycle_descendant_parent" time="0.081" /><testcase classname="tests.test_roles.TestRolesCRUD" name="test_put_exclude_unset_preserves_parent" time="0.159" /><testcase classname="tests.test_roles.TestRolesCRUD" name="test_put_null_makes_top_level" time="0.153" /><testcase classname="tests.test_roles.TestRolesCRUD" name="test_delete_promotes_children" time="0.172" /><testcase classname="tests.test_roles.TestRolesCRUD" name="test_bulk_delete_promotes_to_surviving_ancestor" time="0.357" /></testsuite></testsuites>