<?xml version="1.0" encoding="utf-8"?><testsuites name="pytest tests"><testsuite name="pytest" errors="0" failures="0" skipped="0" tests="5" time="7.180" timestamp="2026-08-03T18:16:14.927087+00:00" hostname="agent-env-d86c998d-b158-4d66-9e2e-e3400e9bff37"><testcase classname="tests.test_sessions" name="test_list_sessions_shape_and_header" time="1.510" /><testcase classname="tests.test_sessions" name="test_revoke_second_web_session_and_token_rejected" time="0.935" /><testcase classname="tests.test_sessions" name="test_mobile_jwt_session_revoke_flow" time="1.447" /><testcase classname="tests.test_sessions" name="test_inactive_user_login_and_token_rejected" time="1.992" /><testcase classname="tests.test_sessions" name="test_logout_revokes_current_token" time="1.124" /></testsuite></testsuites>