<?xml version="1.0" encoding="utf-8"?><testsuites name="pytest tests"><testsuite name="pytest" errors="0" failures="0" skipped="0" tests="21" time="12.803" timestamp="2026-08-03T18:45:12.749754+00:00" hostname="agent-env-d86c998d-b158-4d66-9e2e-e3400e9bff37"><testcase classname="tests.test_user_mgmt_apikey.TestUserUpdate" name="test_update_name_by_email_ident" time="2.754" /><testcase classname="tests.test_user_mgmt_apikey.TestUserCreate" name="test_success_201_envelope" time="2.744" /><testcase classname="tests.test_user_mgmt_apikey.TestUserCreate" name="test_default_password_used_when_omitted" time="1.133" /><testcase classname="tests.test_user_mgmt_apikey.TestUserUpdate" name="test_new_username_changes_username" time="1.134" /><testcase classname="tests.test_user_mgmt_apikey.TestUserCreate" name="test_duplicate_email_409" time="0.812" /><testcase classname="tests.test_user_mgmt_apikey.TestUserUpdate" name="test_is_active_toggle" time="0.903" /><testcase classname="tests.test_user_mgmt_apikey.TestUserCreate" name="test_unknown_role_400" time="0.106" /><testcase classname="tests.test_user_mgmt_apikey.TestUserUpdate" name="test_unknown_user_404" time="0.109" /><testcase classname="tests.test_user_mgmt_apikey.TestUserCreate" name="test_missing_email_400" time="0.099" /><testcase classname="tests.test_user_mgmt_apikey.TestUserCreate" name="test_invalid_email_400" time="0.105" /><testcase classname="tests.test_user_mgmt_apikey.TestUserUpdate" name="test_duplicate_email_conflict_409" time="1.024" /><testcase classname="tests.test_user_mgmt_apikey.TestUserCreate" name="test_missing_name_400" time="0.347" /><testcase classname="tests.test_user_mgmt_apikey.TestUserCreate" name="test_missing_apikey_401" time="0.125" /><testcase classname="tests.test_user_mgmt_apikey.TestUserCreate" name="test_invalid_apikey_401" time="0.340" /><testcase classname="tests.test_user_mgmt_apikey.TestUserCreate" name="test_admin_bearer_rejected_on_apikey_endpoint" time="0.096" /><testcase classname="tests.test_user_mgmt_apikey.TestRegression" name="test_user_auth_still_works" time="1.120" /><testcase classname="tests.test_user_mgmt_apikey.TestUserUpdate" name="test_update_requires_apikey" time="1.115" /><testcase classname="tests.test_user_mgmt_apikey.TestRegression" name="test_user_auth_bad_password_envelope" time="3.203" /><testcase classname="tests.test_user_mgmt_apikey.TestUserDeactivate" name="test_deactivate_then_login_forbidden" time="2.444" /><testcase classname="tests.test_user_mgmt_apikey.TestUserDeactivate" name="test_deactivate_unknown_user_404" time="0.165" /><testcase classname="tests.test_user_mgmt_apikey.TestUserDeactivate" name="test_deactivate_requires_apikey" time="2.158" /></testsuite></testsuites>